1475113986089	addons.manager	DEBUG	Application has been upgraded
1475113986143	addons.manager	DEBUG	Loaded provider scope for resource://gre/modules/addons/XPIProvider.jsm: ["XPIProvider"]
1475113986146	addons.manager	DEBUG	Loaded provider scope for resource://gre/modules/LightweightThemeManager.jsm: ["LightweightThemeManager"]
1475113986151	addons.manager	DEBUG	Loaded provider scope for resource://gre/modules/addons/GMPProvider.jsm
1475113986153	addons.manager	DEBUG	Loaded provider scope for resource://gre/modules/addons/PluginProvider.jsm
1475113986154	addons.manager	DEBUG	Starting provider: XPIProvider
1475113986156	addons.xpi	DEBUG	startup
1475113986157	addons.xpi	INFO	SystemAddonInstallLocation directory is missing
1475113986159	addons.xpi	INFO	Mapping e10srollout@mozilla.org to C:\Program Files (x86)\Mozilla Firefox\browser\features\e10srollout@mozilla.org.xpi
1475113986159	addons.xpi	INFO	Mapping firefox@getpocket.com to C:\Program Files (x86)\Mozilla Firefox\browser\features\firefox@getpocket.com.xpi
1475113986160	addons.xpi	INFO	Mapping webcompat@mozilla.org to C:\Program Files (x86)\Mozilla Firefox\browser\features\webcompat@mozilla.org.xpi
1475113986161	addons.xpi	INFO	Mapping {972ce4c6-7e08-4474-a285-3208198ce6fd} to C:\Program Files (x86)\Mozilla Firefox\browser\extensions\{972ce4c6-7e08-4474-a285-3208198ce6fd}.xpi
1475113986162	addons.xpi	DEBUG	checkForChanges
1475113986163	addons.xpi	DEBUG	Loaded add-on state from prefs: {}
1475113986164	addons.xpi	DEBUG	New add-on e10srollout@mozilla.org in app-system-defaults
1475113986165	addons.xpi	DEBUG	getModTime: Recursive scan of e10srollout@mozilla.org
1475113986166	addons.xpi	DEBUG	New add-on firefox@getpocket.com in app-system-defaults
1475113986166	addons.xpi	DEBUG	getModTime: Recursive scan of firefox@getpocket.com
1475113986167	addons.xpi	DEBUG	New add-on webcompat@mozilla.org in app-system-defaults
1475113986168	addons.xpi	DEBUG	getModTime: Recursive scan of webcompat@mozilla.org
1475113986170	addons.xpi	DEBUG	New add-on {972ce4c6-7e08-4474-a285-3208198ce6fd} in app-global
1475113986170	addons.xpi	DEBUG	getModTime: Recursive scan of {972ce4c6-7e08-4474-a285-3208198ce6fd}
1475113986172	addons.xpi	DEBUG	getInstallState changed: true, state: {"app-system-defaults":{"e10srollout@mozilla.org":{"d":"C:\\Program Files (x86)\\Mozilla Firefox\\browser\\features\\e10srollout@mozilla.org.xpi","st":1474479773001},"firefox@getpocket.com":{"d":"C:\\Program Files (x86)\\Mozilla Firefox\\browser\\features\\firefox@getpocket.com.xpi","st":1474479772968},"webcompat@mozilla.org":{"d":"C:\\Program Files (x86)\\Mozilla Firefox\\browser\\features\\webcompat@mozilla.org.xpi","st":1474479773728}},"app-global":{"{972ce4c6-7e08-4474-a285-3208198ce6fd}":{"d":"C:\\Program Files (x86)\\Mozilla Firefox\\browser\\extensions\\{972ce4c6-7e08-4474-a285-3208198ce6fd}.xpi","st":1474479773022}}}
1475113986191	addons.xpi-utils	DEBUG	Opening XPI database C:\Users\Yasch\AppData\Local\Temp\rust_mozprofile.OpjflIP6plGe\extensions.json
1475113986195	addons.xpi-utils	DEBUG	New add-on e10srollout@mozilla.org installed in app-system-defaults
*** Blocklist::_loadBlocklistFromFile: blocklist is disabled
1475113986214	DeferredSave.extensions.json	DEBUG	Save changes
1475113986214	addons.xpi-utils	DEBUG	New add-on firefox@getpocket.com installed in app-system-defaults
1475113986222	DeferredSave.extensions.json	DEBUG	Starting timer
1475113986224	DeferredSave.extensions.json	DEBUG	Save changes
1475113986225	addons.xpi-utils	DEBUG	New add-on webcompat@mozilla.org installed in app-system-defaults
1475113986233	DeferredSave.extensions.json	DEBUG	Save changes
1475113986234	addons.xpi-utils	DEBUG	New add-on {972ce4c6-7e08-4474-a285-3208198ce6fd} installed in app-global
1475113986241	DeferredSave.extensions.json	DEBUG	Save changes
1475113986251	addons.xpi	DEBUG	Loading bootstrap scope from C:\Program Files (x86)\Mozilla Firefox\browser\features\e10srollout@mozilla.org.xpi
1475113986271	addons.xpi	DEBUG	Calling bootstrap method install on e10srollout@mozilla.org version 1.2
1475113986272	addons.xpi-utils	DEBUG	Make addon app-system-defaults:e10srollout@mozilla.org visible
1475113986272	DeferredSave.extensions.json	DEBUG	Save changes
1475113986273	addons.xpi	DEBUG	Loading bootstrap scope from C:\Program Files (x86)\Mozilla Firefox\browser\features\firefox@getpocket.com.xpi
1475113986279	addons.xpi	DEBUG	Calling bootstrap method install on firefox@getpocket.com version 1.0.4
1475113986280	addons.xpi-utils	DEBUG	Make addon app-system-defaults:firefox@getpocket.com visible
1475113986280	DeferredSave.extensions.json	DEBUG	Save changes
1475113986281	addons.xpi	DEBUG	Loading bootstrap scope from C:\Program Files (x86)\Mozilla Firefox\browser\features\webcompat@mozilla.org.xpi
1475113986286	addons.xpi	DEBUG	Calling bootstrap method install on webcompat@mozilla.org version 1.0
1475113986286	addons.xpi-utils	DEBUG	Make addon app-system-defaults:webcompat@mozilla.org visible
1475113986286	DeferredSave.extensions.json	DEBUG	Save changes
1475113986287	addons.xpi-utils	DEBUG	Make addon app-global:{972ce4c6-7e08-4474-a285-3208198ce6fd} visible
1475113986287	DeferredSave.extensions.json	DEBUG	Save changes
1475113986288	addons.xpi	DEBUG	Updating XPIState for {"id":"e10srollout@mozilla.org","syncGUID":"nEWb9bIPuKWo","location":"app-system-defaults","version":"1.2","type":"extension","internalName":null,"updateURL":null,"updateKey":null,"optionsURL":null,"optionsType":null,"aboutURL":null,"icons":{},"iconURL":null,"icon64URL":null,"defaultLocale":{"name":"Multi-process staged rollout","description":"Staged rollout of Firefox multi-process feature.","creator":null,"homepageURL":null},"visible":true,"active":true,"userDisabled":false,"appDisabled":false,"descriptor":"C:\\Program Files (x86)\\Mozilla Firefox\\browser\\features\\e10srollout@mozilla.org.xpi","installDate":1474479773001,"updateDate":1474479773001,"applyBackgroundUpdates":1,"bootstrap":true,"skinnable":false,"size":5714,"sourceURI":null,"releaseNotesURI":null,"softDisabled":false,"foreignInstall":false,"hasBinaryComponents":false,"strictCompatibility":false,"locales":[],"targetApplications":[{"id":"{ec8030f7-c20a-464f-9b0e-13a3a9e97384}","minVersion":"49.0","maxVersion":"49.*"}],"targetPlatforms":[],"multiprocessCompatible":false,"seen":true}
1475113986288	addons.xpi	DEBUG	getModTime: Recursive scan of e10srollout@mozilla.org
1475113986289	addons.xpi	DEBUG	Updating XPIState for {"id":"firefox@getpocket.com","syncGUID":"8Y7mOW1fnLiH","location":"app-system-defaults","version":"1.0.4","type":"extension","internalName":null,"updateURL":null,"updateKey":null,"optionsURL":null,"optionsType":null,"aboutURL":null,"icons":{},"iconURL":null,"icon64URL":null,"defaultLocale":{"name":"Pocket","description":"When you find something you want to view later, put it in Pocket.","creator":null,"homepageURL":null},"visible":true,"active":true,"userDisabled":false,"appDisabled":false,"descriptor":"C:\\Program Files (x86)\\Mozilla Firefox\\browser\\features\\firefox@getpocket.com.xpi","installDate":1474479772968,"updateDate":1474479772968,"applyBackgroundUpdates":1,"bootstrap":true,"skinnable":false,"size":895232,"sourceURI":null,"releaseNotesURI":null,"softDisabled":false,"foreignInstall":false,"hasBinaryComponents":false,"strictCompatibility":false,"locales":[],"targetApplications":[{"id":"{ec8030f7-c20a-464f-9b0e-13a3a9e97384}","minVersion":"49.0","maxVersion":"49.*"}],"targetPlatforms":[],"multiprocessCompatible":false,"seen":true}
1475113986290	addons.xpi	DEBUG	getModTime: Recursive scan of firefox@getpocket.com
1475113986291	addons.xpi	DEBUG	Updating XPIState for {"id":"webcompat@mozilla.org","syncGUID":"_kEpWKA3_8El","location":"app-system-defaults","version":"1.0","type":"extension","internalName":null,"updateURL":null,"updateKey":null,"optionsURL":null,"optionsType":null,"aboutURL":null,"icons":{},"iconURL":null,"icon64URL":null,"defaultLocale":{"name":"Web Compat","description":"Urgent post-release fixes for web compatibility.","creator":null,"homepageURL":null},"visible":true,"active":true,"userDisabled":false,"appDisabled":false,"descriptor":"C:\\Program Files (x86)\\Mozilla Firefox\\browser\\features\\webcompat@mozilla.org.xpi","installDate":1474479773728,"updateDate":1474479773728,"applyBackgroundUpdates":1,"bootstrap":true,"skinnable":false,"size":1500,"sourceURI":null,"releaseNotesURI":null,"softDisabled":false,"foreignInstall":false,"hasBinaryComponents":false,"strictCompatibility":false,"locales":[],"targetApplications":[{"id":"{ec8030f7-c20a-464f-9b0e-13a3a9e97384}","minVersion":"49.0","maxVersion":"49.*"}],"targetPlatforms":[],"multiprocessCompatible":false,"seen":true}
1475113986291	addons.xpi	DEBUG	getModTime: Recursive scan of webcompat@mozilla.org
1475113986292	addons.xpi	DEBUG	Updating XPIState for {"id":"{972ce4c6-7e08-4474-a285-3208198ce6fd}","syncGUID":"FFa_wzVCCu_A","location":"app-global","version":"49.0","type":"theme","internalName":"classic/1.0","updateURL":null,"updateKey":null,"optionsURL":null,"optionsType":null,"aboutURL":null,"icons":{"32":"icon.png","48":"icon.png"},"iconURL":null,"icon64URL":null,"defaultLocale":{"name":"Default","description":"The default theme.","creator":"Mozilla","homepageURL":null,"contributors":["Mozilla Contributors"]},"visible":true,"active":true,"userDisabled":false,"appDisabled":false,"descriptor":"C:\\Program Files (x86)\\Mozilla Firefox\\browser\\extensions\\{972ce4c6-7e08-4474-a285-3208198ce6fd}.xpi","installDate":1474479773022,"updateDate":1474479773022,"applyBackgroundUpdates":1,"skinnable":true,"size":21899,"sourceURI":null,"releaseNotesURI":null,"softDisabled":false,"foreignInstall":false,"hasBinaryComponents":false,"strictCompatibility":true,"locales":[],"targetApplications":[{"id":"{ec8030f7-c20a-464f-9b0e-13a3a9e97384}","minVersion":"49.0","maxVersion":"49.0"}],"targetPlatforms":[],"seen":true}
1475113986292	addons.xpi	DEBUG	getModTime: Recursive scan of {972ce4c6-7e08-4474-a285-3208198ce6fd}
1475113986293	DeferredSave.extensions.json	DEBUG	Save changes
1475113986293	addons.xpi	DEBUG	Updating database with changes to installed add-ons
1475113986293	addons.xpi-utils	DEBUG	Updating add-on states
1475113986295	addons.xpi-utils	DEBUG	Writing add-ons list
1475113986302	addons.xpi	DEBUG	Registering manifest for C:\Program Files (x86)\Mozilla Firefox\browser\features\e10srollout@mozilla.org.xpi
1475113986304	addons.xpi	DEBUG	Calling bootstrap method startup on e10srollout@mozilla.org version 1.2
1475113986304	addons.xpi	DEBUG	Registering manifest for C:\Program Files (x86)\Mozilla Firefox\browser\features\firefox@getpocket.com.xpi
1475113986306	addons.xpi	DEBUG	Calling bootstrap method startup on firefox@getpocket.com version 1.0.4
1475113986307	addons.xpi	DEBUG	Registering manifest for C:\Program Files (x86)\Mozilla Firefox\browser\features\webcompat@mozilla.org.xpi
1475113986308	addons.xpi	DEBUG	Calling bootstrap method startup on webcompat@mozilla.org version 1.0
1475113986310	addons.manager	DEBUG	Registering shutdown blocker for XPIProvider
1475113986311	addons.manager	DEBUG	Provider finished startup: XPIProvider
1475113986311	addons.manager	DEBUG	Starting provider: LightweightThemeManager
1475113986311	addons.manager	DEBUG	Registering shutdown blocker for LightweightThemeManager
1475113986311	addons.manager	DEBUG	Provider finished startup: LightweightThemeManager
1475113986312	addons.manager	DEBUG	Starting provider: GMPProvider
1475113986334	addons.manager	DEBUG	Registering shutdown blocker for GMPProvider
1475113986334	addons.manager	DEBUG	Provider finished startup: GMPProvider
1475113986334	addons.manager	DEBUG	Starting provider: PluginProvider
1475113986334	addons.manager	DEBUG	Registering shutdown blocker for PluginProvider
1475113986335	addons.manager	DEBUG	Provider finished startup: PluginProvider
1475113986336	addons.manager	DEBUG	Completed startup sequence
1475113986684	Marionette	INFO	Listening on port 49873
1475113987011	addons.manager	DEBUG	Starting provider: <unnamed-provider>
1475113987011	addons.manager	DEBUG	Registering shutdown blocker for <unnamed-provider>
1475113987012	addons.manager	DEBUG	Provider finished startup: <unnamed-provider>
1475113987085	addons.manager	DEBUG	Starting provider: PreviousExperimentProvider
1475113987086	addons.manager	DEBUG	Registering shutdown blocker for PreviousExperimentProvider
1475113987086	addons.manager	DEBUG	Provider finished startup: PreviousExperimentProvider
1475113987089	DeferredSave.extensions.json	DEBUG	Starting write
1475113987448	DeferredSave.extensions.json	DEBUG	Write succeeded
1475113987449	addons.xpi-utils	DEBUG	XPI Database saved, setting schema version preference to 17
1475113988569	Marionette	INFO	startBrowser e18ef077-3f06-42c9-9c78-f005b5695ec1
JavaScript error: resource://gre/modules/debug.js, line 50: TypeError: access to strict mode caller function is censored
1475114007980	Marionette	INFO	startBrowser e18ef077-3f06-42c9-9c78-f005b5695ec1
1475114048578	addons.productaddons	INFO	sending request to: https://aus5.mozilla.org/update/3/GMP/49.0/20160916101415/WINNT_x86-msvc-x64/en-US/release/Windows_NT%2010.0.0.0%20(x64)/default/default/update.xml
1475114051160	addons.productaddons	INFO	Completed downloading document
1475114055582	addons.productaddons	INFO	downloadXHR File download. status=200
1475114055586	addons.productaddons	INFO	Downloaded file will be saved to C:\Users\Yasch\AppData\Local\Temp\tmpaddon
1475114057176	addons.productaddons	INFO	downloadXHR File download. status=200
1475114057186	addons.productaddons	INFO	Downloaded file will be saved to C:\Users\Yasch\AppData\Local\Temp\tmpaddon
1475114062121	addons.productaddons	INFO	downloadXHR File download. status=200
1475114062124	addons.productaddons	INFO	Downloaded file will be saved to C:\Users\Yasch\AppData\Local\Temp\tmpaddon
1475114114153	addons.xpi	DEBUG	Calling bootstrap method shutdown on e10srollout@mozilla.org version 1.2
1475114114154	addons.xpi	DEBUG	Calling bootstrap method shutdown on firefox@getpocket.com version 1.0.4
1475114114155	addons.xpi	DEBUG	Calling bootstrap method shutdown on webcompat@mozilla.org version 1.0
1475114114514	addons.manager	DEBUG	shutdown
1475114114515	addons.manager	DEBUG	Calling shutdown blocker for XPIProvider
1475114114515	addons.xpi	DEBUG	shutdown
1475114114516	addons.xpi-utils	DEBUG	shutdown
1475114114516	addons.manager	DEBUG	Calling shutdown blocker for LightweightThemeManager
1475114114517	addons.manager	DEBUG	Calling shutdown blocker for GMPProvider
1475114114522	addons.manager	DEBUG	Calling shutdown blocker for PluginProvider
1475114114523	addons.manager	DEBUG	Calling shutdown blocker for <unnamed-provider>
1475114114526	addons.manager	DEBUG	Calling shutdown blocker for PreviousExperimentProvider
1475114114531	addons.xpi	DEBUG	Notifying XPI shutdown observers
1475114114536	addons.manager	DEBUG	Async provider shutdown done
